Using pre-set license
Built from '2020.3/staging' branch; Version is '2020.3.18f1 (a7d1c678663c) revision 10998214'; Using compiler version '192528614'; Build Type 'Release'
OS: 'Windows 10 Pro; OS build 19043.1021; Version 2009; 64bit' Language: 'en' Physical Memory: 4017 MB
BatchMode: 1, IsHumanControllingUs: 0, StartBugReporterOnCrash: 0, Is64bit: 1, IsPro: 0

COMMAND LINE ARGUMENTS:
D:\Học Tập\Unity Version\2020.3.18f1\Editor\Unity.exe
-adb2
-batchMode
-noUpm
-name
AssetImportWorker5
-projectPath
C:/Users/Administrator/Desktop/Game-2D/New Unity Project (1)
-logFile
Logs/AssetImportWorker5.log
-srvPort
54857
Successfully changed project path to: C:/Users/Administrator/Desktop/Game-2D/New Unity Project (1)
C:/Users/Administrator/Desktop/Game-2D/New Unity Project (1)
Using Asset Import Pipeline V2.
Refreshing native plugins compatible for Editor in 134.62 ms, found 3 plugins.
Preloading 0 native plugins for Editor in 0.00 ms.
Initialize engine version: 2020.3.18f1 (a7d1c678663c)
[Subsystems] Discovering subsystems at path D:/Học Tập/Unity Version/2020.3.18f1/Editor/Data/Resources/UnitySubsystems
[Subsystems] Discovering subsystems at path C:/Users/Administrator/Desktop/Game-2D/New Unity Project (1)/Assets
GfxDevice: creating device client; threaded=0
Direct3D:
    Version:  Direct3D 11.0 [level 11.1]
    Renderer: Intel(R) HD Graphics Family (ID=0xa16)
    Vendor:   
    VRAM:     2008 MB
    Driver:   20.19.15.5070
Initialize mono
Mono path[0] = 'D:/Học Tập/Unity Version/2020.3.18f1/Editor/Data/Managed'
Mono path[1] = 'D:/Học Tập/Unity Version/2020.3.18f1/Editor/Data/MonoBleedingEdge/lib/mono/unityjit'
Mono config path = 'D:/Học Tập/Unity Version/2020.3.18f1/Editor/Data/MonoBleedingEdge/etc'
Using monoOptions --debugger-agent=transport=dt_socket,embedding=1,server=y,suspend=n,address=127.0.0.1:56624
Begin MonoManager ReloadAssembly
Registering precompiled unity dll's ...
Register platform support module: D:/Học Tập/Unity Version/2020.3.18f1/Editor/Data/PlaybackEngines/WindowsStandaloneSupport/UnityEditor.WindowsStandalone.Extensions.dll
Registered in 0.002835 seconds.
Native extension for WindowsStandalone target not found
Refreshing native plugins compatible for Editor in 137.18 ms, found 3 plugins.
Preloading 0 native plugins for Editor in 0.00 ms.
Mono: successfully reloaded assembly
- Completed reload, in  3.711 seconds
Domain Reload Profiling:
	ReloadAssembly (3712ms)
		BeginReloadAssembly (109ms)
			ExecutionOrderSort (0ms)
			DisableScriptedObjects (0ms)
			BackupInstance (0ms)
			ReleaseScriptingObjects (0ms)
			CreateAndSetChildDomain (2ms)
		EndReloadAssembly (1194ms)
			LoadAssemblies (108ms)
			RebuildTransferFunctionScriptingTraits (0ms)
			SetupTypeCache (440ms)
			ReleaseScriptCaches (0ms)
			RebuildScriptCaches (78ms)
			SetupLoadedEditorAssemblies (468ms)
				LogAssemblyErrors (0ms)
				InitializePlatformSupportModulesInManaged (9ms)
				SetLoadedEditorAssemblies (0ms)
				RefreshPlugins (137ms)
				BeforeProcessingInitializeOnLoad (52ms)
				ProcessInitializeOnLoadAttributes (207ms)
				ProcessInitializeOnLoadMethodAttributes (61ms)
				AfterProcessingInitializeOnLoad (0ms)
				EditorAssembliesLoaded (0ms)
			ExecutionOrderSort2 (0ms)
			AwakeInstancesAfterBackupRestoration (0ms)
Platform modules already initialized, skipping
Registering precompiled user dll's ...
Registered in 0.005461 seconds.
Begin MonoManager ReloadAssembly
Native extension for WindowsStandalone target not found
Refreshing native plugins compatible for Editor in 125.11 ms, found 3 plugins.
Preloading 0 native plugins for Editor in 0.00 ms.
Mono: successfully reloaded assembly
- Completed reload, in  3.381 seconds
Domain Reload Profiling:
	ReloadAssembly (3383ms)
		BeginReloadAssembly (393ms)
			ExecutionOrderSort (0ms)
			DisableScriptedObjects (11ms)
			BackupInstance (0ms)
			ReleaseScriptingObjects (0ms)
			CreateAndSetChildDomain (57ms)
		EndReloadAssembly (2852ms)
			LoadAssemblies (201ms)
			RebuildTransferFunctionScriptingTraits (0ms)
			SetupTypeCache (904ms)
			ReleaseScriptCaches (2ms)
			RebuildScriptCaches (188ms)
			SetupLoadedEditorAssemblies (1235ms)
				LogAssemblyErrors (0ms)
				InitializePlatformSupportModulesInManaged (8ms)
				SetLoadedEditorAssemblies (0ms)
				RefreshPlugins (125ms)
				BeforeProcessingInitializeOnLoad (189ms)
				ProcessInitializeOnLoadAttributes (877ms)
				ProcessInitializeOnLoadMethodAttributes (29ms)
				AfterProcessingInitializeOnLoad (5ms)
				EditorAssembliesLoaded (0ms)
			ExecutionOrderSort2 (0ms)
			AwakeInstancesAfterBackupRestoration (14ms)
Platform modules already initialized, skipping
========================================================================
Worker process is ready to serve import requests
Launched and connected shader compiler UnityShaderCompiler.exe after 0.46 seconds
Refreshing native plugins compatible for Editor in 1.08 ms, found 3 plugins.
Preloading 0 native plugins for Editor in 0.00 ms.
Unloading 2553 Unused Serialized files (Serialized files now loaded: 0)
System memory in use before: 111.3 MB.
System memory in use after: 111.5 MB.

Unloading 29 unused Assets to reduce memory usage. Loaded Objects now: 2994.
Total: 7.677300 ms (FindLiveObjects: 0.443300 ms CreateObjectMapping: 0.236600 ms MarkObjects: 6.851000 ms  DeleteObjects: 0.144100 ms)

AssetImportParameters requested are different than current active one (requested -> active):
  custom:framework-win-MediaFoundation: 216162199b28c13a410421893ffa2e32 -> 
  custom:video-decoder-ogg-theora: a1e56fd34408186e4bbccfd4996cb3dc -> 
  custom:container-muxer-webm: aa71ff27fc2769a1b78a27578f13a17b -> 
  custom:container-demuxer-webm: 4f35f7cbe854078d1ac9338744f61a02 -> 
  custom:container-demuxer-ogg: 62fdf1f143b41e24485cea50d1cbac27 -> 
  custom:video-encoder-webm-vp8: eb34c28f22e8b96e1ab97ce403110664 -> 
  custom:video-decoder-webm-vp8: 9c59270c3fd7afecdb556c50c9e8de78 -> 
  custom:audio-decoder-ogg-vorbis: bf7c407c2cedff20999df2af8eb42d56 -> 
  custom:audio-encoder-webm-vorbis: bf7c407c2cedff20999df2af8eb42d56 -> 
========================================================================
Received Import Request.
  path: Assets/Game2D/Game2D.unity
  artifactKey: Guid(1894255d456ff994eb1e2ccf32f911f3) Importer(815301076,1909f56bfc062723c751e8b465ee728b)
Start importing Assets/Game2D/Game2D.unity using Guid(1894255d456ff994eb1e2ccf32f911f3) Importer(815301076,1909f56bfc062723c751e8b465ee728b)  -> (artifact id: '5addc956a1a0491a1371b551f637eb31') in 0.359849 seconds 
  Import took 0.367350 seconds .

========================================================================
Received Import Request.
  Time since last request: 0.000400 seconds.
  path: Assets/Game2D/Scripts/UI/GameoverPanel.cs
  artifactKey: Guid(bee78982363e57a40b30172eed77ffa9) Importer(815301076,1909f56bfc062723c751e8b465ee728b)
Start importing Assets/Game2D/Scripts/UI/GameoverPanel.cs using Guid(bee78982363e57a40b30172eed77ffa9) Importer(815301076,1909f56bfc062723c751e8b465ee728b)  -> (artifact id: '29e9276a3094afb1ea9224e8c8e68290') in 0.074638 seconds 
  Import took 0.081685 seconds .

========================================================================
Received Import Request.
  Time since last request: 188.516320 seconds.
  path: Assets/Game2D/Scripts/UI/GameplayPanel.cs
  artifactKey: Guid(c9c5ace58727c3847906e8da4854dfdc) Importer(815301076,1909f56bfc062723c751e8b465ee728b)
Start importing Assets/Game2D/Scripts/UI/GameplayPanel.cs using Guid(c9c5ace58727c3847906e8da4854dfdc) Importer(815301076,1909f56bfc062723c751e8b465ee728b)  -> (artifact id: '63275dc801be3cf92a0429bddcef81dc') in 0.006330 seconds 
  Import took 0.050613 seconds .

========================================================================
Received Import Request.
  Time since last request: 0.146399 seconds.
  path: Assets/Game2D/Scripts/UI/GameplayPanel.cs
  artifactKey: Guid(c9c5ace58727c3847906e8da4854dfdc) Importer(815301076,1909f56bfc062723c751e8b465ee728b)
Start importing Assets/Game2D/Scripts/UI/GameplayPanel.cs using Guid(c9c5ace58727c3847906e8da4854dfdc) Importer(815301076,1909f56bfc062723c751e8b465ee728b)  -> (artifact id: '63275dc801be3cf92a0429bddcef81dc') in 0.016482 seconds 
  Import took 0.041396 seconds .

========================================================================
Received Import Request.
  Time since last request: 591.959349 seconds.
  path: Assets/Game2D/Scripts/UI/GameoverPanel.cs
  artifactKey: Guid(bee78982363e57a40b30172eed77ffa9) Importer(815301076,1909f56bfc062723c751e8b465ee728b)
Start importing Assets/Game2D/Scripts/UI/GameoverPanel.cs using Guid(bee78982363e57a40b30172eed77ffa9) Importer(815301076,1909f56bfc062723c751e8b465ee728b)  -> (artifact id: '29e633b564042af3a3f2c328c92c24a8') in 1.680930 seconds 
  Import took 2.571958 seconds .

========================================================================
Received Import Request.
  Time since last request: 23.930056 seconds.
  path: Assets/Game2D/Scripts/UI/GameoverPanel.cs
  artifactKey: Guid(bee78982363e57a40b30172eed77ffa9) Importer(815301076,1909f56bfc062723c751e8b465ee728b)
Start importing Assets/Game2D/Scripts/UI/GameoverPanel.cs using Guid(bee78982363e57a40b30172eed77ffa9) Importer(815301076,1909f56bfc062723c751e8b465ee728b)  -> (artifact id: '29e633b564042af3a3f2c328c92c24a8') in 0.040850 seconds 
  Import took 0.051405 seconds .

========================================================================
Received Prepare
Registering precompiled user dll's ...
Registered in 0.293781 seconds.
Begin MonoManager ReloadAssembly
Native extension for WindowsStandalone target not found
Refreshing native plugins compatible for Editor in 112.15 ms, found 3 plugins.
Preloading 0 native plugins for Editor in 0.00 ms.
Mono: successfully reloaded assembly
- Completed reload, in 21.833 seconds
Domain Reload Profiling:
	ReloadAssembly (22432ms)
		BeginReloadAssembly (2051ms)
			ExecutionOrderSort (0ms)
			DisableScriptedObjects (58ms)
			BackupInstance (0ms)
			ReleaseScriptingObjects (0ms)
			CreateAndSetChildDomain (848ms)
		EndReloadAssembly (20148ms)
			LoadAssemblies (2155ms)
			RebuildTransferFunctionScriptingTraits (0ms)
			SetupTypeCache (2526ms)
			ReleaseScriptCaches (2ms)
			RebuildScriptCaches (223ms)
			SetupLoadedEditorAssemblies (6551ms)
				LogAssemblyErrors (0ms)
				InitializePlatformSupportModulesInManaged (12ms)
				SetLoadedEditorAssemblies (2ms)
				RefreshPlugins (112ms)
				BeforeProcessingInitializeOnLoad (198ms)
				ProcessInitializeOnLoadAttributes (5823ms)
				ProcessInitializeOnLoadMethodAttributes (251ms)
				AfterProcessingInitializeOnLoad (12ms)
				EditorAssembliesLoaded (141ms)
			ExecutionOrderSort2 (0ms)
			AwakeInstancesAfterBackupRestoration (2732ms)
Platform modules already initialized, skipping
Refreshing native plugins compatible for Editor in 437.47 ms, found 3 plugins.
Preloading 0 native plugins for Editor in 0.00 ms.
Unloading 2528 Unused Serialized files (Serialized files now loaded: 0)
System memory in use before: 109.6 MB.
System memory in use after: 109.8 MB.

Unloading 15 unused Assets to reduce memory usage. Loaded Objects now: 2997.
Total: 12310.414400 ms (FindLiveObjects: 1540.404600 ms CreateObjectMapping: 0.444900 ms MarkObjects: 10769.433100 ms  DeleteObjects: 0.123600 ms)

AssetImportParameters requested are different than current active one (requested -> active):
  custom:framework-win-MediaFoundation: 216162199b28c13a410421893ffa2e32 -> 
  custom:video-decoder-ogg-theora: a1e56fd34408186e4bbccfd4996cb3dc -> 
  custom:container-muxer-webm: aa71ff27fc2769a1b78a27578f13a17b -> 
  custom:container-demuxer-webm: 4f35f7cbe854078d1ac9338744f61a02 -> 
  custom:container-demuxer-ogg: 62fdf1f143b41e24485cea50d1cbac27 -> 
  custom:video-encoder-webm-vp8: eb34c28f22e8b96e1ab97ce403110664 -> 
  custom:video-decoder-webm-vp8: 9c59270c3fd7afecdb556c50c9e8de78 -> 
  custom:audio-decoder-ogg-vorbis: bf7c407c2cedff20999df2af8eb42d56 -> 
  custom:audio-encoder-webm-vorbis: bf7c407c2cedff20999df2af8eb42d56 -> 
========================================================================
Received Import Request.
  Time since last request: 535.856048 seconds.
  path: Assets/Game2D/Scripts/UI/GameplayPanel.cs
  artifactKey: Guid(c9c5ace58727c3847906e8da4854dfdc) Importer(815301076,1909f56bfc062723c751e8b465ee728b)
Start importing Assets/Game2D/Scripts/UI/GameplayPanel.cs using Guid(c9c5ace58727c3847906e8da4854dfdc) Importer(815301076,1909f56bfc062723c751e8b465ee728b)  -> (artifact id: '2ea03eb147d54114b33b9001eccbd864') in 8.077839 seconds 
  Import took 12.600731 seconds .

AssetImportWorkerClient::OnTransportError - code=2 error=End of file
